0 info it worked if it ends with ok
1 verbose cli [ '/usr/bin/nodejs', '/usr/bin/npm', 'shrinkwrap' ]
2 info using npm@1.3.10
3 info using node@v0.10.25
4 error Error: Problems were encountered
4 error Please correct and try again.
4 error missing: laravel-elixir@^4.0.0, required by @
4 error     at shrinkwrap_ (/usr/share/npm/lib/shrinkwrap.js:29:15)
4 error     at /usr/share/npm/lib/shrinkwrap.js:23:5
4 error     at /usr/share/npm/lib/ls.js:43:30
4 error     at /usr/share/npm/node_modules/read-installed/read-installed.js:119:5
4 error     at /usr/share/npm/node_modules/read-installed/read-installed.js:233:14
4 error     at cb (/usr/lib/nodejs/slide/lib/async-map.js:48:11)
4 error     at /usr/share/npm/node_modules/read-installed/read-installed.js:233:14
4 error     at cb (/usr/lib/nodejs/slide/lib/async-map.js:48:11)
4 error     at /usr/share/npm/node_modules/read-installed/read-installed.js:233:14
4 error     at cb (/usr/lib/nodejs/slide/lib/async-map.js:48:11)
5 error If you need help, you may report this log at:
5 error     <http://github.com/isaacs/npm/issues>
5 error or email it to:
5 error     <npm-@googlegroups.com>
6 error System Linux 3.19.0-25-generic
7 error command "/usr/bin/nodejs" "/usr/bin/npm" "shrinkwrap"
8 error cwd /home/pooja/public_html/laravel/new_demo
9 error node -v v0.10.25
10 error npm -v 1.3.10
11 verbose exit [ 1, true ]
